Traceback (most recent call last):
  File "/home/vivatech/bus/bus/passenger_wsgi.py", line 4, in <module>
    from bus.wsgi import application
  File "/home/vivatech/bus/bus/bus/wsgi.py", line 16, in <module>
    application = get_wsgi_application()
  File "/home/vivatech/virtualenv/bus/bus/3.8/lib/python3.8/site-packages/django/core/wsgi.py", line 12, in get_wsgi_application
    django.setup(set_prefix=False)
  File "/home/vivatech/virtualenv/bus/bus/3.8/lib/python3.8/site-packages/django/__init__.py", line 19, in setup
    configure_logging(settings.LOGGING_CONFIG, settings.LOGGING)
  File "/home/vivatech/virtualenv/bus/bus/3.8/lib/python3.8/site-packages/django/conf/__init__.py", line 102, in __getattr__
    self._setup(name)
  File "/home/vivatech/virtualenv/bus/bus/3.8/lib/python3.8/site-packages/django/conf/__init__.py", line 89, in _setup
    self._wrapped = Settings(settings_module)
  File "/home/vivatech/virtualenv/bus/bus/3.8/lib/python3.8/site-packages/django/conf/__init__.py", line 217, in __init__
    mod = importlib.import_module(self.SETTINGS_MODULE)
  File "/opt/alt/python38/lib64/python3.8/importlib/__init__.py", line 127, in import_module
    return _bootstrap._gcd_import(name[level:], package, level)
  File "/home/vivatech/bus/bus/bus/settings.py", line 14, in <module>
    import environ
ModuleNotFoundError: No module named 'environ'
Traceback (most recent call last):
  File "/home/vivatech/bus/bus/passenger_wsgi.py", line 4, in <module>
    from bus.wsgi import application
  File "/home/vivatech/bus/bus/bus/wsgi.py", line 16, in <module>
    application = get_wsgi_application()
  File "/home/vivatech/virtualenv/bus/bus/3.8/lib/python3.8/site-packages/django/core/wsgi.py", line 12, in get_wsgi_application
    django.setup(set_prefix=False)
  File "/home/vivatech/virtualenv/bus/bus/3.8/lib/python3.8/site-packages/django/__init__.py", line 19, in setup
    configure_logging(settings.LOGGING_CONFIG, settings.LOGGING)
  File "/home/vivatech/virtualenv/bus/bus/3.8/lib/python3.8/site-packages/django/conf/__init__.py", line 102, in __getattr__
    self._setup(name)
  File "/home/vivatech/virtualenv/bus/bus/3.8/lib/python3.8/site-packages/django/conf/__init__.py", line 89, in _setup
    self._wrapped = Settings(settings_module)
  File "/home/vivatech/virtualenv/bus/bus/3.8/lib/python3.8/site-packages/django/conf/__init__.py", line 217, in __init__
    mod = importlib.import_module(self.SETTINGS_MODULE)
  File "/opt/alt/python38/lib64/python3.8/importlib/__init__.py", line 127, in import_module
    return _bootstrap._gcd_import(name[level:], package, level)
  File "/home/vivatech/bus/bus/bus/settings.py", line 14, in <module>
    import environ
ModuleNotFoundError: No module named 'environ'
[UID:2773][1210031] Child process with pid: 1210235 was killed by signal: 15, core dump: 0
Not Found: /static/rest_framework/css/bootstrap.min.css
Not Found: /static/rest_framework/js/prettify-min.js
Not Found: /static/rest_framework/js/default.js
Not Found: /static/rest_framework/css/bootstrap-tweaks.css
Not Found: /static/rest_framework/css/prettify.css
Not Found: /static/rest_framework/js/ajax-form.js
Not Found: /static/rest_framework/js/csrf.js
Not Found: /static/rest_framework/css/default.css
Not Found: /static/rest_framework/js/jquery-3.5.1.min.js
Not Found: /static/rest_framework/js/bootstrap.min.js
Not Found: /static/rest_framework/js/ajax-form.js
Not Found: /static/rest_framework/js/csrf.js
Not Found: /static/rest_framework/js/bootstrap.min.js
Not Found: /static/rest_framework/js/prettify-min.js
Not Found: /static/rest_framework/js/default.js
Not Found: /static/rest_framework/css/bootstrap.min.css
Not Found: /static/rest_framework/css/default.css
Not Found: /static/rest_framework/js/jquery-3.5.1.min.js
Not Found: /static/rest_framework/js/ajax-form.js
Not Found: /static/rest_framework/js/bootstrap.min.js
Not Found: /static/rest_framework/js/csrf.js
Not Found: /static/rest_framework/js/prettify-min.js
Not Found: /static/rest_framework/css/prettify.css
Not Found: /static/rest_framework/js/default.js
Not Found: /static/rest_framework/css/bootstrap-tweaks.css
Not Found: /static/rest_framework/js/jquery-3.5.1.min.js
Not Found: /static/rest_framework/js/ajax-form.js
Not Found: /static/rest_framework/js/csrf.js
Not Found: /static/rest_framework/js/bootstrap.min.js
Not Found: /static/rest_framework/js/prettify-min.js
Not Found: /static/rest_framework/js/default.js
Not Found: /static/rest_framework/css/bootstrap.min.css
Not Found: /static/rest_framework/css/bootstrap-tweaks.css
Not Found: /static/rest_framework/css/prettify.css
Not Found: /static/rest_framework/js/prettify-min.js
Not Found: /static/rest_framework/js/csrf.js
Not Found: /static/rest_framework/css/default.css
Not Found: /static/rest_framework/js/default.js
Not Found: /static/rest_framework/js/jquery-3.5.1.min.js
Not Found: /static/rest_framework/js/ajax-form.js
Not Found: /static/rest_framework/js/bootstrap.min.js
Not Found: /static/rest_framework/js/csrf.js
Not Found: /static/rest_framework/js/bootstrap.min.js
Not Found: /static/rest_framework/js/prettify-min.js
Not Found: /static/rest_framework/js/default.js
Not Found: /favicon.ico
Not Found: /static/rest_framework/css/bootstrap.min.css
Not Found: /static/rest_framework/css/bootstrap-tweaks.css
Not Found: /static/rest_framework/css/prettify.css
Not Found: /static/rest_framework/js/csrf.js
Not Found: /static/rest_framework/js/bootstrap.min.js
Not Found: /static/rest_framework/js/default.js
Not Found: /static/rest_framework/js/jquery-3.5.1.min.js
Not Found: /static/rest_framework/css/default.css
Not Found: /static/rest_framework/js/prettify-min.js
Not Found: /static/rest_framework/js/ajax-form.js
Not Found: /static/rest_framework/js/jquery-3.5.1.min.js
Not Found: /static/rest_framework/js/ajax-form.js
Not Found: /static/rest_framework/js/csrf.js
Not Found: /static/rest_framework/js/bootstrap.min.js
Not Found: /static/rest_framework/js/prettify-min.js
Not Found: /static/rest_framework/js/default.js
Not Found: /favicon.ico
Not Found: //auth/login/
Not Found: //auth/login/
Not Found: //auth/login/
Not Found: //payments/submit/
Not Found: /static/rest_framework/css/bootstrap-tweaks.css
Not Found: /static/rest_framework/css/bootstrap.min.css
Not Found: /static/rest_framework/js/ajax-form.js
Not Found: /static/rest_framework/js/bootstrap.min.js
Not Found: /static/rest_framework/css/prettify.css
Not Found: /static/rest_framework/js/prettify-min.js
Not Found: /static/rest_framework/js/default.js
Not Found: /static/rest_framework/css/default.css
Not Found: /static/rest_framework/js/jquery-3.5.1.min.js
Not Found: /static/rest_framework/js/csrf.js
